#
# There is insufficient memory for the Java Runtime Environment to continue.
# Native memory allocation (malloc) failed to allocate 1396496 bytes for Chunk::new
# Possible reasons:
#   The system is out of physical RAM or swap space
#   In 32 bit mode, the process size limit was hit
# Possible solutions:
#   Reduce memory load on the system
#   Increase physical memory or swap space
#   Check if swap backing store is full
#   Use 64 bit Java on a 64 bit OS
#   Decrease Java heap size (-Xmx/-Xms)
#   Decrease number of Java threads
#   Decrease Java thread stack sizes (-Xss)
#   Set larger code cache with -XX:ReservedCodeCacheSize=
# This output file may be truncated or incomplete.
#
#  Out of Memory Error (allocation.cpp:390), pid=5580, tid=0x0000000000001fb0
#
# JRE version: OpenJDK Runtime Environment (8.0_76-b03) (build 1.8.0_76-release-b03)
# Java VM: OpenJDK 64-Bit Server VM (25.76-b03 mixed mode windows-amd64 compressed oops)
# Failed to write core dump. Minidumps are not enabled by default on client versions of Windows
#

---------------  T H R E A D  ---------------

Current thread (0x00000000572d2000):  JavaThread "C2 CompilerThread0" daemon [_thread_in_native, id=8112, stack(0x0000000058410000,0x0000000058510000)]

Stack: [0x0000000058410000,0x0000000058510000]
[error occurred during error reporting (printing stack bounds), id 0xc0000005]

Native frames: (J=compiled Java code, j=interpreted, Vv=VM code, C=native code)


Current CompileTask:
C2:   5702 2121   !   4       com.android.dx.cf.code.BytecodeArray::parseInstruction (2764 bytes)


---------------  P R O C E S S  ---------------

Java Threads: ( => current thread )
  0x0000000057570000 JavaThread "pool-1-thread-4" [_thread_blocked, id=7800, stack(0x0000000059160000,0x0000000059260000)]
  0x000000005756e000 JavaThread "pool-1-thread-3" [_thread_blocked, id=7844, stack(0x00000000595b0000,0x00000000596b0000)]
  0x0000000057568000 JavaThread "pool-1-thread-2" [_thread_blocked, id=6820, stack(0x0000000058b90000,0x0000000058c90000)]
  0x0000000057555800 JavaThread "pool-2-thread-1" [_thread_blocked, id=6224, stack(0x0000000059390000,0x0000000059490000)]
  0x0000000057542800 JavaThread "pool-1-thread-1" [_thread_blocked, id=6784, stack(0x0000000059260000,0x0000000059360000)]
  0x000000005735d800 JavaThread "Service Thread" daemon [_thread_blocked, id=7792, stack(0x0000000058900000,0x0000000058a00000)]
  0x000000005733e800 JavaThread "C1 CompilerThread3" daemon [_thread_blocked, id=7960, stack(0x0000000058ec0000,0x0000000058fc0000)]
  0x000000005732e000 JavaThread "C2 CompilerThread2" daemon [_thread_in_native, id=8080, stack(0x0000000058ce0000,0x0000000058de0000)]
  0x00000000572db800 JavaThread "C2 CompilerThread1" daemon [_thread_in_native, id=8176, stack(0x0000000058a90000,0x0000000058b90000)]
=>0x00000000572d2000 JavaThread "C2 CompilerThread0" daemon [_thread_in_native, id=8112, stack(0x0000000058410000,0x0000000058510000)]
  0x00000000572ce800 JavaThread "Attach Listener" daemon [_thread_blocked, id=6556, stack(0x0000000058800000,0x0000000058900000)]
  0x00000000572cd000 JavaThread "Signal Dispatcher" daemon [_thread_blocked, id=7756, stack(0x00000000586c0000,0x00000000587c0000)]
  0x0000000003eac800 JavaThread "Finalizer" daemon [_thread_blocked, id=7564, stack(0x00000000581f0000,0x00000000582f0000)]
  0x0000000003ea5800 JavaThread "Reference Handler" daemon [_thread_blocked, id=6560, stack(0x0000000058550000,0x0000000058650000)]
  0x00000000023ae800 JavaThread "main" [_thread_in_Java, id=8376, stack(0x0000000002690000,0x0000000002790000)]

Other Threads:
  0x0000000057283800 VMThread [stack: 0x0000000058300000,0x0000000058400000] [id=8536]
  0x0000000057361800 WatcherThread [stack: 0x0000000059060000,0x0000000059160000] [id=4552]

VM state:not at safepoint (normal execution)

VM Mutex/Monitor currently owned by a thread: None

Heap:
 PSYoungGen      total 138240K, used 117196K [0x00000000eab00000, 0x00000000f3700000, 0x0000000100000000)
  eden space 133120K, 84% used [0x00000000eab00000,0x00000000f1875158,0x00000000f2d00000)
  from space 5120K, 99% used [0x00000000f3200000,0x00000000f36fe228,0x00000000f3700000)
  to   space 5120K, 0% used [0x00000000f2d00000,0x00000000f2d00000,0x00000000f3200000)
 ParOldGen       total 87552K, used 27859K [0x00000000c0000000, 0x00000000c5580000, 0x00000000eab00000)
  object space 87552K, 31% used [0x00000000c0000000,0x00000000c1b34c98,0x00000000c5580000)
 Metaspace       used 6301K, capacity 7216K, committed 7296K, reserved 1056768K
  class space    used 590K, capacity 616K, committed 640K, reserved 1048576K

Card table byte_map: [0x0000000002e20000,0x0000000003030000] byte_map_base: 0x0000000002820000

Marking Bits: (ParMarkBitMap*) 0x0000000056d59d00
 Begin Bits: [0x0000000013410000, 0x0000000014410000)
 End Bits:   [0x0000000014410000, 0x0000000015410000)

Polling page: 0x0000000000450000

CodeCache: size=245760Kb used=10295Kb max_used=10295Kb free=235464Kb
 bounds [0x0000000004410000, 0x0000000004e30000, 0x0000000013410000]
 total_blobs=2349 nmethods=2080 adapters=182
 compilation: enabled

Compilation events (10 events):
Event: 5.616 Thread 0x000000005733e800 2134  s    3       java.io.ByteArrayOutputStream::write (66 bytes)
Event: 5.617 Thread 0x000000005732e000 2136       4       com.android.dx.rop.cst.CstNat::<init> (43 bytes)
Event: 5.617 Thread 0x000000005733e800 nmethod 2134 0x0000000004ddef90 code [0x0000000004ddf140, 0x0000000004ddf788]
Event: 5.617 Thread 0x000000005733e800 2135       3       java.io.ByteArrayOutputStream::ensureCapacity (16 bytes)
Event: 5.617 Thread 0x000000005733e800 nmethod 2135 0x0000000004ddeb90 code [0x0000000004dded00, 0x0000000004ddeec8]
Event: 5.618 Thread 0x000000005732e000 nmethod 2136 0x0000000004d86a50 code [0x0000000004d86b80, 0x0000000004d86c38]
Event: 5.633 Thread 0x000000005732e000 2137       4       com.android.dx.rop.code.LocalItem::compareTo (9 bytes)
Event: 5.635 Thread 0x000000005732e000 nmethod 2137 0x0000000004e11e90 code [0x0000000004e11fe0, 0x0000000004e122b8]
Event: 5.635 Thread 0x000000005732e000 2138       4       com.android.dx.cf.code.Merger::mergeType (142 bytes)
Event: 5.639 Thread 0x000000005732e000 nmethod 2138 0x0000000004e12dd0 code [0x0000000004e12fa0, 0x0000000004e133e0]

GC Heap History (8 events):
Event: 0.953 GC heap before
{Heap before GC invocations=1 (full 0):
 PSYoungGen      total 38400K, used 33280K [0x00000000eab00000, 0x00000000ed580000, 0x0000000100000000)
  eden space 33280K, 100% used [0x00000000eab00000,0x00000000ecb80000,0x00000000ecb80000)
  from space 5120K, 0% used [0x00000000ed080000,0x00000000ed080000,0x00000000ed580000)
  to   space 5120K, 0% used [0x00000000ecb80000,0x00000000ecb80000,0x00000000ed080000)
 ParOldGen       total 87552K, used 0K [0x00000000c0000000, 0x00000000c5580000, 0x00000000eab00000)
  object space 87552K, 0% used [0x00000000c0000000,0x00000000c0000000,0x00000000c5580000)
 Metaspace       used 5828K, capacity 6896K, committed 7040K, reserved 1056768K
  class space    used 570K, capacity 616K, committed 640K, reserved 1048576K
Event: 1.059 GC heap after
Heap after GC invocations=1 (full 0):
 PSYoungGen      total 38400K, used 5097K [0x00000000eab00000, 0x00000000ef600000, 0x0000000100000000)
  eden space 33280K, 0% used [0x00000000eab00000,0x00000000eab00000,0x00000000ecb80000)
  from space 5120K, 99% used [0x00000000ecb80000,0x00000000ed07a508,0x00000000ed080000)
  to   space 5120K, 0% used [0x00000000ef100000,0x00000000ef100000,0x00000000ef600000)
 ParOldGen       total 87552K, used 1888K [0x00000000c0000000, 0x00000000c5580000, 0x00000000eab00000)
  object space 87552K, 2% used [0x00000000c0000000,0x00000000c01d83f8,0x00000000c5580000)
 Metaspace       used 5828K, capacity 6896K, committed 7040K, reserved 1056768K
  class space    used 570K, capacity 616K, committed 640K, reserved 1048576K
}
Event: 2.149 GC heap before
{Heap before GC invocations=2 (full 0):
 PSYoungGen      total 38400K, used 38377K [0x00000000eab00000, 0x00000000ef600000, 0x0000000100000000)
  eden space 33280K, 100% used [0x00000000eab00000,0x00000000ecb80000,0x00000000ecb80000)
  from space 5120K, 99% used [0x00000000ecb80000,0x00000000ed07a508,0x00000000ed080000)
  to   space 5120K, 0% used [0x00000000ef100000,0x00000000ef100000,0x00000000ef600000)
 ParOldGen       total 87552K, used 1888K [0x00000000c0000000, 0x00000000c5580000, 0x00000000eab00000)
  object space 87552K, 2% used [0x00000000c0000000,0x00000000c01d83f8,0x00000000c5580000)
 Metaspace       used 6021K, capacity 7088K, committed 7296K, reserved 1056768K
  class space    used 571K, capacity 616K, committed 640K, reserved 1048576K
Event: 2.289 GC heap after
Heap after GC invocations=2 (full 0):
 PSYoungGen      total 71680K, used 5093K [0x00000000eab00000, 0x00000000ef600000, 0x0000000100000000)
  eden space 66560K, 0% used [0x00000000eab00000,0x00000000eab00000,0x00000000eec00000)
  from space 5120K, 99% used [0x00000000ef100000,0x00000000ef5f97f0,0x00000000ef600000)
  to   space 5120K, 0% used [0x00000000eec00000,0x00000000eec00000,0x00000000ef100000)
 ParOldGen       total 87552K, used 5622K [0x00000000c0000000, 0x00000000c5580000, 0x00000000eab00000)
  object space 87552K, 6% used [0x00000000c0000000,0x00000000c057daa8,0x00000000c5580000)
 Metaspace       used 6021K, capacity 7088K, committed 7296K, reserved 1056768K
  class space    used 571K, capacity 616K, committed 640K, reserved 1048576K
}
Event: 2.981 GC heap before
{Heap before GC invocations=3 (full 0):
 PSYoungGen      total 71680K, used 71653K [0x00000000eab00000, 0x00000000ef600000, 0x0000000100000000)
  eden space 66560K, 100% used [0x00000000eab00000,0x00000000eec00000,0x00000000eec00000)
  from space 5120K, 99% used [0x00000000ef100000,0x00000000ef5f97f0,0x00000000ef600000)
  to   space 5120K, 0% used [0x00000000eec00000,0x00000000eec00000,0x00000000ef100000)
 ParOldGen       total 87552K, used 5622K [0x00000000c0000000, 0x00000000c5580000, 0x00000000eab00000)
  object space 87552K, 6% used [0x00000000c0000000,0x00000000c057daa8,0x00000000c5580000)
 Metaspace       used 6210K, capacity 7152K, committed 7296K, reserved 1056768K
  class space    used 589K, capacity 616K, committed 640K, reserved 1048576K
Event: 3.032 GC heap after
Heap after GC invocations=3 (full 0):
 PSYoungGen      total 71680K, used 5100K [0x00000000eab00000, 0x00000000f3700000, 0x0000000100000000)
  eden space 66560K, 0% used [0x00000000eab00000,0x00000000eab00000,0x00000000eec00000)
  from space 5120K, 99% used [0x00000000eec00000,0x00000000ef0fb3c0,0x00000000ef100000)
  to   space 5120K, 0% used [0x00000000f3200000,0x00000000f3200000,0x00000000f3700000)
 ParOldGen       total 87552K, used 15153K [0x00000000c0000000, 0x00000000c5580000, 0x00000000eab00000)
  object space 87552K, 17% used [0x00000000c0000000,0x00000000c0ecc748,0x00000000c5580000)
 Metaspace       used 6210K, capacity 7152K, committed 7296K, reserved 1056768K
  class space    used 589K, capacity 616K, committed 640K, reserved 1048576K
}
Event: 3.823 GC heap before
{Heap before GC invocations=4 (full 0):
 PSYoungGen      total 71680K, used 71660K [0x00000000eab00000, 0x00000000f3700000, 0x0000000100000000)
  eden space 66560K, 100% used [0x00000000eab00000,0x00000000eec00000,0x00000000eec00000)
  from space 5120K, 99% used [0x00000000eec00000,0x00000000ef0fb3c0,0x00000000ef100000)
  to   space 5120K, 0% used [0x00000000f3200000,0x00000000f3200000,0x00000000f3700000)
 ParOldGen       total 87552K, used 17260K [0x00000000c0000000, 0x00000000c5580000, 0x00000000eab00000)
  object space 87552K, 19% used [0x00000000c0000000,0x00000000c10db338,0x00000000c5580000)
 Metaspace       used 6246K, capacity 7152K, committed 7296K, reserved 1056768K
  class space    used 590K, capacity 616K, committed 640K, reserved 1048576K
Event: 4.142 GC heap after
Heap after GC invocations=4 (full 0):
 PSYoungGen      total 138240K, used 5112K [0x00000000eab00000, 0x00000000f3700000, 0x0000000100000000)
  eden space 133120K, 0% used [0x00000000eab00000,0x00000000eab00000,0x00000000f2d00000)
  from space 5120K, 99% used [0x00000000f3200000,0x00000000f36fe228,0x00000000f3700000)
  to   space 5120K, 0% used [0x00000000f2d00000,0x00000000f2d00000,0x00000000f3200000)
 ParOldGen       total 87552K, used 27859K [0x00000000c0000000, 0x00000000c5580000, 0x00000000eab00000)
  object space 87552K, 31% used [0x00000000c0000000,0x00000000c1b34c98,0x00000000c5580000)
 Metaspace       used 6246K, capacity 7152K, committed 7296K, reserved 1056768K
  class space    used 590K, capacity 616K, committed 640K, reserved 1048576K
}

Deoptimization events (10 events):
Event: 3.201 Thread 0x0000000057568000 Uncommon trap: reason=unstable_if action=reinterpret pc=0x0000000004b2eab0 method=com.android.dx.rop.code.RegisterSpecSet.localItemToSpec(Lcom/android/dx/rop/code/LocalItem;)Lcom/android/dx/rop/code/RegisterSpec; @ 35
Event: 3.223 Thread 0x0000000057570000 Uncommon trap: reason=class_check action=maybe_recompile pc=0x0000000004c28a40 method=com.android.dx.cf.code.BytecodeArray.parseInstruction(ILcom/android/dx/cf/code/BytecodeArray$Visitor;)I @ 1003
Event: 3.260 Thread 0x0000000057568000 Uncommon trap: reason=unstable_if action=reinterpret pc=0x00000000049202a4 method=com.android.dx.rop.code.LocalItem.compareHandlesNulls(Lcom/android/dx/rop/cst/CstString;Lcom/android/dx/rop/cst/CstString;)I @ 14
Event: 3.267 Thread 0x0000000057568000 Uncommon trap: reason=class_check action=maybe_recompile pc=0x0000000004c28a40 method=com.android.dx.cf.code.BytecodeArray.parseInstruction(ILcom/android/dx/cf/code/BytecodeArray$Visitor;)I @ 1003
Event: 3.267 Thread 0x0000000057568000 Uncommon trap: reason=class_check action=maybe_recompile pc=0x0000000004c27b84 method=com.android.dx.cf.code.BytecodeArray.parseInstruction(ILcom/android/dx/cf/code/BytecodeArray$Visitor;)I @ 2151
Event: 3.267 Thread 0x0000000057568000 Uncommon trap: reason=class_check action=maybe_recompile pc=0x0000000004c28a40 method=com.android.dx.cf.code.BytecodeArray.parseInstruction(ILcom/android/dx/cf/code/BytecodeArray$Visitor;)I @ 1003
Event: 4.274 Thread 0x0000000057568000 Uncommon trap: reason=unstable_if action=reinterpret pc=0x0000000004c98a40 method=com.android.dx.cf.code.Merger.mergeType(Lcom/android/dx/rop/type/TypeBearer;Lcom/android/dx/rop/type/TypeBearer;)Lcom/android/dx/rop/type/TypeBearer; @ 52
Event: 4.336 Thread 0x0000000057568000 Uncommon trap: reason=unstable_if action=reinterpret pc=0x0000000004cfc074 method=com.android.dx.dex.code.RopTranslator.pickOrder()V @ 130
Event: 5.071 Thread 0x00000000023ae800 Uncommon trap: reason=bimorphic action=maybe_recompile pc=0x0000000004d232f4 method=com.android.dx.cf.code.BytecodeArray.parseInstruction(ILcom/android/dx/cf/code/BytecodeArray$Visitor;)I @ 955
Event: 5.071 Thread 0x00000000023ae800 Uncommon trap: reason=bimorphic action=maybe_recompile pc=0x0000000004d232f4 method=com.android.dx.cf.code.BytecodeArray.parseInstruction(ILcom/android/dx/cf/code/BytecodeArray$Visitor;)I @ 955

Internal exceptions (7 events):
Event: 0.035 Thread 0x00000000023ae800 Exception <a 'java/lang/NoSuchMethodError': Method sun.misc.Unsafe.defineClass(Ljava/lang/String;[BII)Ljava/lang/Class; name or signature does not match> (0x00000000eab07cc0) thrown at [C:\src\android\AOSP-openjdk\external\jetbrains\jdk\hotspot\src\share\vÄqq²¡?
Event: 0.035 Thread 0x00000000023ae800 Exception <a 'java/lang/NoSuchMethodError': Method sun.misc.Unsafe.prefetchRead(Ljava/lang/Object;J)V name or signature does not match> (0x00000000eab07fa8) thrown at [C:\src\android\AOSP-openjdk\external\jetbrains\jdk\hotspot\src\share\vm\prims\jni.cpp, l þ
Event: 2.328 Thread 0x0000000057568000 Exception <a 'java/lang/ArrayIndexOutOfBoundsException': 18> (0x00000000eb12e5a8) thrown at [C:\src\android\AOSP-openjdk\external\jetbrains\jdk\hotspot\src\share\vm\interpreter\interpreterRuntime.cpp, line 366]
Event: 2.366 Thread 0x0000000057568000 Exception <a 'java/lang/ArrayIndexOutOfBoundsException': 145> (0x00000000eb63fe98) thrown at [C:\src\android\AOSP-openjdk\external\jetbrains\jdk\hotspot\src\share\vm\interpreter\interpreterRuntime.cpp, line 366]
Event: 2.367 Thread 0x0000000057568000 Exception <a 'java/lang/ArrayIndexOutOfBoundsException': 40> (0x00000000eb641180) thrown at [C:\src\android\AOSP-openjdk\external\jetbrains\jdk\hotspot\src\share\vm\interpreter\interpreterRuntime.cpp, line 366]
Event: 2.373 Thread 0x0000000057570000 Implicit null exception at 0x00000000048f32a7 to 0x00000000048f59c5
Event: 3.260 Thread 0x0000000057568000 Implicit null exception at 0x000000000491ea85 to 0x0000000004920279

Events (10 events):
Event: 5.071 Thread 0x00000000023ae800 DEOPT UNPACKING pc=0x000000000445556a sp=0x000000000278dfb8 mode 2
Event: 5.071 Thread 0x00000000023ae800 Uncommon trap: trap_request=0xffffffc6 fr.pc=0x0000000004d232f4
Event: 5.071 Thread 0x00000000023ae800 DEOPT PACKING pc=0x0000000004d232f4 sp=0x000000000278de40
Event: 5.071 Thread 0x00000000023ae800 DEOPT UNPACKING pc=0x000000000445556a sp=0x000000000278de18 mode 2
Event: 5.165 Thread 0x0000000057568000 DEOPT PACKING pc=0x0000000004862931 sp=0x0000000058c8e980
Event: 5.165 Thread 0x0000000057568000 DEOPT UNPACKING pc=0x00000000044575bf sp=0x0000000058c8e710 mode 0
Event: 5.221 Thread 0x0000000057570000 DEOPT PACKING pc=0x000000000491351c sp=0x000000005925e720
Event: 5.221 Thread 0x0000000057570000 DEOPT UNPACKING pc=0x00000000044575bf sp=0x000000005925e4e0 mode 0
Event: 5.456 Thread 0x000000005756e000 DEOPT PACKING pc=0x0000000004862931 sp=0x00000000596ae980
Event: 5.456 Thread 0x000000005756e000 DEOPT UNPACKING pc=0x00000000044575bf sp=0x00000000596ae710 mode 0


Dynamic libraries:
0x000000013fba0000 - 0x000000013fbd1000 	H:\android\Android Studio\jre\bin\java.exe
0x00000000774b0000 - 0x000000007765a000 	C:\Windows\SYSTEM32\ntdll.dll
0x0000000077290000 - 0x00000000773af000 	C:\Windows\system32\kernel32.dll
0x000007fefd1f0000 - 0x000007fefd25a000 	C:\Windows\system32\KERNELBASE.dll
0x000007fefdde0000 - 0x000007fefdebb000 	C:\Windows\system32\ADVAPI32.dll
0x000007feff530000 - 0x000007feff5cf000 	C:\Windows\system32\msvcrt.dll
0x000007fefd6d0000 - 0x000007fefd6ef000 	C:\Windows\SYSTEM32\sechost.dll
0x000007fefe5e0000 - 0x000007fefe70d000 	C:\Windows\system32\RPCRT4.dll
0x00000000773b0000 - 0x00000000774aa000 	C:\Windows\system32\USER32.dll
0x000007fefdf10000 - 0x000007fefdf77000 	C:\Windows\system32\GDI32.dll
0x000007fefd5f0000 - 0x000007fefd5fe000 	C:\Windows\system32\LPK.dll
0x000007fefd600000 - 0x000007fefd6ca000 	C:\Windows\system32\USP10.dll
0x000007fefb680000 - 0x000007fefb874000 	C:\Windows\WinSxS\amd64_microsoft.windows.common-controls_6595b64144ccf1df_6.0.7601.18837_none_fa3b1e3d17594757\COMCTL32.dll
0x000007fefe710000 - 0x000007fefe781000 	C:\Windows\system32\SHLWAPI.dll
0x000007fefd770000 - 0x000007fefd79e000 	C:\Windows\system32\IMM32.DLL
0x000007feff5d0000 - 0x000007feff6d9000 	C:\Windows\system32\MSCTF.dll
0x0000000071c90000 - 0x0000000071cfc000 	c:\program files (x86)\f-secure\hips\fshook64.dll
0x0000000077680000 - 0x0000000077687000 	C:\Windows\system32\PSAPI.DLL
0x00000000564c0000 - 0x0000000056592000 	H:\android\Android Studio\jre\jre\bin\msvcr100.dll
0x00000000565a0000 - 0x0000000056dd4000 	H:\android\Android Studio\jre\jre\bin\server\jvm.dll
0x000007fef90b0000 - 0x000007fef90b9000 	C:\Windows\system32\WSOCK32.dll
0x000007fefdec0000 - 0x000007fefdf0d000 	C:\Windows\system32\WS2_32.dll
0x000007feff520000 - 0x000007feff528000 	C:\Windows\system32\NSI.dll
0x000007fefaf10000 - 0x000007fefaf4b000 	C:\Windows\system32\WINMM.dll
0x000007fefc280000 - 0x000007fefc28c000 	C:\Windows\system32\VERSION.dll
0x000007fefb320000 - 0x000007fefb32f000 	H:\android\Android Studio\jre\jre\bin\verify.dll
0x000007fee58b0000 - 0x000007fee58d9000 	H:\android\Android Studio\jre\jre\bin\java.dll
0x000007feec190000 - 0x000007feec1a6000 	H:\android\Android Studio\jre\jre\bin\zip.dll
0x000007fefe790000 - 0x000007feff51a000 	C:\Windows\system32\SHELL32.dll
0x000007fefe000000 - 0x000007fefe203000 	C:\Windows\system32\ole32.dll
0x000007fefd1a0000 - 0x000007fefd1af000 	C:\Windows\system32\profapi.dll

VM Arguments:
jvm_args: -Djava.awt.headless=true -Xmx1024M -Dfile.encoding=windows-1252 -Duser.country=ES -Duser.language=es -Duser.variant 
java_command: com.android.dx.command.Main --dex --num-threads=4 --output H:\android\workspace\AndroidStudioProjects\GetSensorData20\app\build\intermediates\pre-dexed\debug\com.android.support-support-v4-23.0.1_932e1b23a1552fe31f998228f397f88e00ee2253.jar H:\android\workspace\AndroidStudioProjects\GetSensorData20\app\build\intermediates\exploded-aar\com.android.support\support-v4\23.0.1\jars\classes.jar
java_class_path (initial): H:\android\android-sdk\build-tools\build-tools-23.0.1\lib\dx.jar
Launcher Type: SUN_STANDARD

Environment Variables:
JAVA_HOME=C:\Program Files\Java\
PATH=$JAVA_HOME%\jdk1.8.0_77;$GRADLE_HOME/bin;C:\ProgramData\Oracle\Java\javapath;C:\Windows\system32;C:\Windows;C:\Windows\System32\Wbem;C:\Windows\System32\WindowsPowerShell\v1.0\;C:\Program Files\MATLAB\R2016a\runtime\win64;C:\Program Files\MATLAB\R2016a\bin;C:\Program Files\MATLAB\R2010a\runtime\win64;C:\Program Files\MATLAB\R2010a\bin;C:\Program Files\MiKTeX 2.9\miktex\bin\x64\;C:\Program Files (x86)\QuickTime\QTSystem\;C:\Program Files\Calibre2\;C:\Program Files (x86)\Toshiba\Bluetooth Toshiba Stack\sys\;C:\Program Files (x86)\Toshiba\Bluetooth Toshiba Stack\sys\x64\;C:\Program Files\TortoiseSVN\bin
USERNAME=Antonio
OS=Windows_NT
PROCESSOR_IDENTIFIER=Intel64 Family 6 Model 58 Stepping 9, GenuineIntel



---------------  S Y S T E M  ---------------

OS: Windows 7 , 64 bit Build 7601 (6.1.7601.23677)

CPU:total 8 (4 cores per cpu, 2 threads per core) family 6 model 58 stepping 9, cmov, cx8, fxsr, mmx, sse, sse2, sse3, ssse3, sse4.1, sse4.2, popcnt, avx, aes, clmul, erms, ht, tsc, tscinvbit, tscinv

Memory: 4k page, physical 8259628k(692168k free), swap 9306344k(8324k free)

vm_info: OpenJDK 64-Bit Server VM (25.76-b03) for windows-amd64 JRE (1.8.0_76-release-b03), built on Jun 29 2016 19:09:20 by "ralucas" with MS VC++ 10.0 (VS2010)

time: Mon Mar 27 11:56:48 2017
elapsed time: 5 seconds (0d 0h 0m 5s)

